<?xml version="1.0" encoding="UTF-8"?>
<testsuite xmlns:xsi="http://www.w3.org/2001/XMLSchema-instance" xsi:noNamespaceSchemaLocation="https://maven.apache.org/surefire/maven-surefire-plugin/xsd/surefire-test-report.xsd" name="upc.stakeholdersrecommender.domain.rilogging.BodyTest" time="0.027" tests="10" errors="0" skipped="0" failures="0">
  <properties>
[...]
</properties>
  <testcase name="getUsernameTest" classname="upc.stakeholdersrecommender.domain.rilogging.BodyTest" time="0"/>
  <testcase name="getSrcElementclassNameTest" classname="upc.stakeholdersrecommender.domain.rilogging.BodyTest" time="0"/>
  <testcase name="getRequirementIdTest" classname="upc.stakeholdersrecommender.domain.rilogging.BodyTest" time="0"/>
  <testcase name="getValueTest" classname="upc.stakeholdersrecommender.domain.rilogging.BodyTest" time="0.003"/>
  <testcase name="getInnerTextTest" classname="upc.stakeholdersrecommender.domain.rilogging.BodyTest" time="0.003"/>
  <testcase name="getUnixTimeTest" classname="upc.stakeholdersrecommender.domain.rilogging.BodyTest" time="0.003"/>
  <testcase name="getTimestampTest" classname="upc.stakeholdersrecommender.domain.rilogging.BodyTest" time="0.004"/>
  <testcase name="getUserIdTest" classname="upc.stakeholdersrecommender.domain.rilogging.BodyTest" time="0.004"/>
  <testcase name="createTest" classname="upc.stakeholdersrecommender.domain.rilogging.BodyTest" time="0.004"/>
  <testcase name="getProjectIdTest" classname="upc.stakeholdersrecommender.domain.rilogging.BodyTest" time="0.004"/>
</testsuite>